> Task :compileJava NO-SOURCE
> Task :processResources NO-SOURCE
> Task :classes UP-TO-DATE
> Task :compileTestJava
> Task :processTestResources NO-SOURCE
> Task :testClasses

> Task :test

org.gradle.testretry.sample.SamplesTests > failing() FAILED
    org.opentest4j.AssertionFailedError at SamplesTests.java:20

org.gradle.testretry.sample.SamplesTests > flaky() FAILED
    java.lang.RuntimeException at SamplesTests.java:15

org.gradle.testretry.sample.SamplesTests > failing() FAILED
    org.opentest4j.AssertionFailedError at SamplesTests.java:20

org.gradle.testretry.sample.SamplesTests > failing() FAILED
    org.opentest4j.AssertionFailedError at SamplesTests.java:20

6 tests completed, 4 failed

> Task :test FAILED

FAILURE: Build failed with an exception.

* What went wrong:
Execution failed for task ':test'.
> There were failing tests. See the report at: file:///build/reports/tests/test/index.html

* Try:
Run with --stacktrace option to get the stack trace. Run with --info or --debug option to get more log output. Run with --scan to get full insights.

* Get more help at https://help.gradle.org

BUILD FAILED in 0s
2 actionable tasks: 2 executed
